[2018-04-17T11:15:49,223][INFO ][o.e.n.Node               ] [] initializing ...
[2018-04-17T11:15:49,687][INFO ][o.e.e.NodeEnvironment    ] [G87X2H3] using [1] data paths, mounts [[/ (/dev/sda8)]], net usable_space [10.1gb], net total_space [30.6gb], types [ext4]
[2018-04-17T11:15:49,688][INFO ][o.e.e.NodeEnvironment    ] [G87X2H3] heap size [989.8mb], compressed ordinary object pointers [true]
[2018-04-17T11:15:49,749][INFO ][o.e.n.Node               ] node name [G87X2H3] derived from node ID [G87X2H34S9GY6xOAxnX4Zw]; set [node.name] to override
[2018-04-17T11:15:49,750][INFO ][o.e.n.Node               ] version[6.2.3], pid[2171], build[c59ff00/2018-03-13T10:06:29.741383Z], OS[Linux/4.13.0-36-generic/amd64], JVM[Oracle Corporation/Java HotSpot(TM) 64-Bit Server VM/1.8.0_161/25.161-b12]
[2018-04-17T11:15:49,750][INFO ][o.e.n.Node               ] JVM arguments [-Xms1g, -Xmx1g, -XX:+UseConcMarkSweepGC, -XX:CMSInitiatingOccupancyFraction=75, -XX:+UseCMSInitiatingOccupancyOnly, -XX:+AlwaysPreTouch, -Xss1m, -Djava.awt.headless=true, -Dfile.encoding=UTF-8, -Djna.nosys=true, -XX:-OmitStackTraceInFastThrow, -Dio.netty.noUnsafe=true, -Dio.netty.noKeySetOptimization=true, -Dio.netty.recycler.maxCapacityPerThread=0, -Dlog4j.shutdownHookEnabled=false, -Dlog4j2.disable.jmx=true, -Djava.io.tmpdir=/tmp/elasticsearch.PhZ0TCNV, -XX:+HeapDumpOnOutOfMemoryError, -XX:+PrintGCDetails, -XX:+PrintGCDateStamps, -XX:+PrintTenuringDistribution, -XX:+PrintGCApplicationStoppedTime, -Xloggc:logs/gc.log, -XX:+UseGCLogFileRotation, -XX:NumberOfGCLogFiles=32, -XX:GCLogFileSize=64m, -Des.path.home=/home/cuckoo/elasticsearch, -Des.path.conf=/home/cuckoo/elasticsearch/config]
[2018-04-17T11:15:50,797][INFO ][o.e.p.PluginsService     ] [G87X2H3] loaded module [aggs-matrix-stats]
[2018-04-17T11:15:50,797][INFO ][o.e.p.PluginsService     ] [G87X2H3] loaded module [analysis-common]
[2018-04-17T11:15:50,797][INFO ][o.e.p.PluginsService     ] [G87X2H3] loaded module [ingest-common]
[2018-04-17T11:15:50,797][INFO ][o.e.p.PluginsService     ] [G87X2H3] loaded module [lang-expression]
[2018-04-17T11:15:50,797][INFO ][o.e.p.PluginsService     ] [G87X2H3] loaded module [lang-mustache]
[2018-04-17T11:15:50,797][INFO ][o.e.p.PluginsService     ] [G87X2H3] loaded module [lang-painless]
[2018-04-17T11:15:50,797][INFO ][o.e.p.PluginsService     ] [G87X2H3] loaded module [mapper-extras]
[2018-04-17T11:15:50,797][INFO ][o.e.p.PluginsService     ] [G87X2H3] loaded module [parent-join]
[2018-04-17T11:15:50,797][INFO ][o.e.p.PluginsService     ] [G87X2H3] loaded module [percolator]
[2018-04-17T11:15:50,798][INFO ][o.e.p.PluginsService     ] [G87X2H3] loaded module [rank-eval]
[2018-04-17T11:15:50,798][INFO ][o.e.p.PluginsService     ] [G87X2H3] loaded module [reindex]
[2018-04-17T11:15:50,798][INFO ][o.e.p.PluginsService     ] [G87X2H3] loaded module [repository-url]
[2018-04-17T11:15:50,798][INFO ][o.e.p.PluginsService     ] [G87X2H3] loaded module [transport-netty4]
[2018-04-17T11:15:50,798][INFO ][o.e.p.PluginsService     ] [G87X2H3] loaded module [tribe]
[2018-04-17T11:15:50,798][INFO ][o.e.p.PluginsService     ] [G87X2H3] no plugins loaded
[2018-04-17T11:15:54,809][INFO ][o.e.d.DiscoveryModule    ] [G87X2H3] using discovery type [zen]
[2018-04-17T11:15:55,362][INFO ][o.e.n.Node               ] initialized
[2018-04-17T11:15:55,363][INFO ][o.e.n.Node               ] [G87X2H3] starting ...
[2018-04-17T11:15:55,635][INFO ][o.e.t.TransportService   ] [G87X2H3] publish_address {192.168.56.1:9300}, bound_addresses {192.168.56.1:9300}
[2018-04-17T11:15:55,649][INFO ][o.e.b.BootstrapChecks    ] [G87X2H3] bound or publishing to a non-loopback address, enforcing bootstrap checks
[2018-04-17T11:15:58,712][INFO ][o.e.c.s.MasterService    ] [G87X2H3] zen-disco-elected-as-master ([0] nodes joined), reason: new_master {G87X2H3}{G87X2H34S9GY6xOAxnX4Zw}{tCKNKZVfRSOUyS0HBmM4hw}{192.168.56.1}{192.168.56.1:9300}
[2018-04-17T11:15:58,717][INFO ][o.e.c.s.ClusterApplierService] [G87X2H3] new_master {G87X2H3}{G87X2H34S9GY6xOAxnX4Zw}{tCKNKZVfRSOUyS0HBmM4hw}{192.168.56.1}{192.168.56.1:9300}, reason: apply cluster state (from master [master {G87X2H3}{G87X2H34S9GY6xOAxnX4Zw}{tCKNKZVfRSOUyS0HBmM4hw}{192.168.56.1}{192.168.56.1:9300} committed version [1] source [zen-disco-elected-as-master ([0] nodes joined)]])
[2018-04-17T11:15:58,776][INFO ][o.e.h.n.Netty4HttpServerTransport] [G87X2H3] publish_address {192.168.56.1:9200}, bound_addresses {192.168.56.1:9200}
[2018-04-17T11:15:58,776][INFO ][o.e.n.Node               ] [G87X2H3] started
[2018-04-17T11:15:59,563][INFO ][o.e.g.GatewayService     ] [G87X2H3] recovered [2] indices into cluster_state
[2018-04-17T11:16:02,802][INFO ][o.e.c.r.a.AllocationService] [G87X2H3] Cluster health status changed from [RED] to [YELLOW] (reason: [shards started [[logstash-2018.04.16][3]] ...]).
[2018-04-17T11:18:58,516][INFO ][o.e.c.m.MetaDataCreateIndexService] [G87X2H3] [logstash-2018.04.17] creating index, cause [auto(bulk api)], templates [logstash], shards [1]/[0], mappings [_default_]
[2018-04-17T11:18:58,519][INFO ][o.e.c.r.a.AllocationService] [G87X2H3] Cluster health status changed from [YELLOW] to [RED] (reason: [index [logstash-2018.04.17] created]).
[2018-04-17T11:25:34,694][INFO ][o.e.n.Node               ] [G87X2H3] stopping ...
[2018-04-17T11:25:34,717][ERROR][i.n.u.c.D.rejectedExecution] Failed to submit a listener notification task. Event loop shut down?
java.util.concurrent.RejectedExecutionException: event executor terminated
	at io.netty.util.concurrent.SingleThreadEventExecutor.reject(SingleThreadEventExecutor.java:821) ~[netty-common-4.1.16.Final.jar:4.1.16.Final]
	at io.netty.util.concurrent.SingleThreadEventExecutor.offerTask(SingleThreadEventExecutor.java:327) ~[netty-common-4.1.16.Final.jar:4.1.16.Final]
	at io.netty.util.concurrent.SingleThreadEventExecutor.addTask(SingleThreadEventExecutor.java:320) ~[netty-common-4.1.16.Final.jar:4.1.16.Final]
	at io.netty.util.concurrent.SingleThreadEventExecutor.execute(SingleThreadEventExecutor.java:746) ~[netty-common-4.1.16.Final.jar:4.1.16.Final]
	at io.netty.util.concurrent.DefaultPromise.safeExecute(DefaultPromise.java:760) [netty-common-4.1.16.Final.jar:4.1.16.Final]
	at io.netty.util.concurrent.DefaultPromise.notifyListeners(DefaultPromise.java:428) [netty-common-4.1.16.Final.jar:4.1.16.Final]
	at io.netty.util.concurrent.DefaultPromise.setFailure(DefaultPromise.java:113) [netty-common-4.1.16.Final.jar:4.1.16.Final]
	at io.netty.channel.DefaultChannelPromise.setFailure(DefaultChannelPromise.java:87) [netty-transport-4.1.16.Final.jar:4.1.16.Final]
	at io.netty.channel.AbstractChannelHandlerContext.safeExecute(AbstractChannelHandlerContext.java:1010) [netty-transport-4.1.16.Final.jar:4.1.16.Final]
	at io.netty.channel.AbstractChannelHandlerContext.write(AbstractChannelHandlerContext.java:825) [netty-transport-4.1.16.Final.jar:4.1.16.Final]
	at io.netty.channel.AbstractChannelHandlerContext.writeAndFlush(AbstractChannelHandlerContext.java:794) [netty-transport-4.1.16.Final.jar:4.1.16.Final]
	at io.netty.channel.DefaultChannelPipeline.writeAndFlush(DefaultChannelPipeline.java:1036) [netty-transport-4.1.16.Final.jar:4.1.16.Final]
	at io.netty.channel.AbstractChannel.writeAndFlush(AbstractChannel.java:305) [netty-transport-4.1.16.Final.jar:4.1.16.Final]
	at org.elasticsearch.http.netty4.Netty4HttpChannel.sendResponse(Netty4HttpChannel.java:146) [transport-netty4-6.2.3.jar:6.2.3]
	at org.elasticsearch.rest.RestController$ResourceHandlingHttpChannel.sendResponse(RestController.java:491) [elasticsearch-6.2.3.jar:6.2.3]
	at org.elasticsearch.rest.action.RestResponseListener.processResponse(RestResponseListener.java:37) [elasticsearch-6.2.3.jar:6.2.3]
	at org.elasticsearch.rest.action.RestActionListener.onResponse(RestActionListener.java:47) [elasticsearch-6.2.3.jar:6.2.3]
	at org.elasticsearch.action.support.TransportAction$1.onResponse(TransportAction.java:85) [elasticsearch-6.2.3.jar:6.2.3]
	at org.elasticsearch.action.support.TransportAction$1.onResponse(TransportAction.java:81) [elasticsearch-6.2.3.jar:6.2.3]
	at org.elasticsearch.action.bulk.TransportBulkAction$BulkOperation$1.finishHim(TransportBulkAction.java:380) [elasticsearch-6.2.3.jar:6.2.3]
	at org.elasticsearch.action.bulk.TransportBulkAction$BulkOperation$1.onFailure(TransportBulkAction.java:375) [elasticsearch-6.2.3.jar:6.2.3]
	at org.elasticsearch.action.support.TransportAction$1.onFailure(TransportAction.java:91) [elasticsearch-6.2.3.jar:6.2.3]
	at org.elasticsearch.action.support.replication.TransportReplicationAction$ReroutePhase.finishAsFailed(TransportReplicationAction.java:909) [elasticsearch-6.2.3.jar:6.2.3]
	at org.elasticsearch.action.support.replication.TransportReplicationAction$ReroutePhase$2.onClusterServiceClose(TransportReplicationAction.java:892) [elasticsearch-6.2.3.jar:6.2.3]
	at org.elasticsearch.cluster.ClusterStateObserver$ContextPreservingListener.onClusterServiceClose(ClusterStateObserver.java:310) [elasticsearch-6.2.3.jar:6.2.3]
	at org.elasticsearch.cluster.ClusterStateObserver$ObserverClusterStateListener.onClose(ClusterStateObserver.java:230) [elasticsearch-6.2.3.jar:6.2.3]
	at org.elasticsearch.cluster.service.ClusterApplierService.doStop(ClusterApplierService.java:171) [elasticsearch-6.2.3.jar:6.2.3]
	at org.elasticsearch.common.component.AbstractLifecycleComponent.stop(AbstractLifecycleComponent.java:85) [elasticsearch-6.2.3.jar:6.2.3]
	at org.elasticsearch.cluster.service.ClusterService.doStop(ClusterService.java:106) [elasticsearch-6.2.3.jar:6.2.3]
	at org.elasticsearch.common.component.AbstractLifecycleComponent.stop(AbstractLifecycleComponent.java:85) [elasticsearch-6.2.3.jar:6.2.3]
	at org.elasticsearch.node.Node.stop(Node.java:730) [elasticsearch-6.2.3.jar:6.2.3]
	at org.elasticsearch.node.Node.close(Node.java:752) [elasticsearch-6.2.3.jar:6.2.3]
	at org.apache.lucene.util.IOUtils.close(IOUtils.java:89) [lucene-core-7.2.1.jar:7.2.1 b2b6438b37073bee1fca40374e85bf91aa457c0b - ubuntu - 2018-01-10 00:48:43]
	at org.apache.lucene.util.IOUtils.close(IOUtils.java:76) [lucene-core-7.2.1.jar:7.2.1 b2b6438b37073bee1fca40374e85bf91aa457c0b - ubuntu - 2018-01-10 00:48:43]
	at org.elasticsearch.bootstrap.Bootstrap$4.run(Bootstrap.java:186) [elasticsearch-6.2.3.jar:6.2.3]
[2018-04-17T11:25:34,751][ERROR][i.n.u.c.D.rejectedExecution] Failed to submit a listener notification task. Event loop shut down?
java.util.concurrent.RejectedExecutionException: event executor terminated
	at io.netty.util.concurrent.SingleThreadEventExecutor.reject(SingleThreadEventExecutor.java:821) ~[netty-common-4.1.16.Final.jar:4.1.16.Final]
	at io.netty.util.concurrent.SingleThreadEventExecutor.offerTask(SingleThreadEventExecutor.java:327) ~[netty-common-4.1.16.Final.jar:4.1.16.Final]
	at io.netty.util.concurrent.SingleThreadEventExecutor.addTask(SingleThreadEventExecutor.java:320) ~[netty-common-4.1.16.Final.jar:4.1.16.Final]
	at io.netty.util.concurrent.SingleThreadEventExecutor.execute(SingleThreadEventExecutor.java:746) ~[netty-common-4.1.16.Final.jar:4.1.16.Final]
	at io.netty.util.concurrent.DefaultPromise.safeExecute(DefaultPromise.java:760) [netty-common-4.1.16.Final.jar:4.1.16.Final]
	at io.netty.util.concurrent.DefaultPromise.notifyListeners(DefaultPromise.java:428) [netty-common-4.1.16.Final.jar:4.1.16.Final]
	at io.netty.util.concurrent.DefaultPromise.setFailure(DefaultPromise.java:113) [netty-common-4.1.16.Final.jar:4.1.16.Final]
	at io.netty.channel.DefaultChannelPromise.setFailure(DefaultChannelPromise.java:87) [netty-transport-4.1.16.Final.jar:4.1.16.Final]
	at io.netty.channel.AbstractChannelHandlerContext.safeExecute(AbstractChannelHandlerContext.java:1010) [netty-transport-4.1.16.Final.jar:4.1.16.Final]
	at io.netty.channel.AbstractChannelHandlerContext.write(AbstractChannelHandlerContext.java:825) [netty-transport-4.1.16.Final.jar:4.1.16.Final]
	at io.netty.channel.AbstractChannelHandlerContext.writeAndFlush(AbstractChannelHandlerContext.java:794) [netty-transport-4.1.16.Final.jar:4.1.16.Final]
	at io.netty.channel.DefaultChannelPipeline.writeAndFlush(DefaultChannelPipeline.java:1036) [netty-transport-4.1.16.Final.jar:4.1.16.Final]
	at io.netty.channel.AbstractChannel.writeAndFlush(AbstractChannel.java:305) [netty-transport-4.1.16.Final.jar:4.1.16.Final]
	at org.elasticsearch.http.netty4.Netty4HttpChannel.sendResponse(Netty4HttpChannel.java:146) [transport-netty4-6.2.3.jar:6.2.3]
	at org.elasticsearch.rest.RestController$ResourceHandlingHttpChannel.sendResponse(RestController.java:491) [elasticsearch-6.2.3.jar:6.2.3]
	at org.elasticsearch.rest.action.RestResponseListener.processResponse(RestResponseListener.java:37) [elasticsearch-6.2.3.jar:6.2.3]
	at org.elasticsearch.rest.action.RestActionListener.onResponse(RestActionListener.java:47) [elasticsearch-6.2.3.jar:6.2.3]
	at org.elasticsearch.action.support.TransportAction$1.onResponse(TransportAction.java:85) [elasticsearch-6.2.3.jar:6.2.3]
	at org.elasticsearch.action.support.TransportAction$1.onResponse(TransportAction.java:81) [elasticsearch-6.2.3.jar:6.2.3]
	at org.elasticsearch.action.bulk.TransportBulkAction$BulkOperation$1.finishHim(TransportBulkAction.java:380) [elasticsearch-6.2.3.jar:6.2.3]
	at org.elasticsearch.action.bulk.TransportBulkAction$BulkOperation$1.onFailure(TransportBulkAction.java:375) [elasticsearch-6.2.3.jar:6.2.3]
	at org.elasticsearch.action.support.TransportAction$1.onFailure(TransportAction.java:91) [elasticsearch-6.2.3.jar:6.2.3]
	at org.elasticsearch.action.support.replication.TransportReplicationAction$ReroutePhase.finishAsFailed(TransportReplicationAction.java:909) [elasticsearch-6.2.3.jar:6.2.3]
	at org.elasticsearch.action.support.replication.TransportReplicationAction$ReroutePhase$2.onClusterServiceClose(TransportReplicationAction.java:892) [elasticsearch-6.2.3.jar:6.2.3]
	at org.elasticsearch.cluster.ClusterStateObserver$ContextPreservingListener.onClusterServiceClose(ClusterStateObserver.java:310) [elasticsearch-6.2.3.jar:6.2.3]
	at org.elasticsearch.cluster.ClusterStateObserver$ObserverClusterStateListener.onClose(ClusterStateObserver.java:230) [elasticsearch-6.2.3.jar:6.2.3]
	at org.elasticsearch.cluster.service.ClusterApplierService.doStop(ClusterApplierService.java:171) [elasticsearch-6.2.3.jar:6.2.3]
	at org.elasticsearch.common.component.AbstractLifecycleComponent.stop(AbstractLifecycleComponent.java:85) [elasticsearch-6.2.3.jar:6.2.3]
	at org.elasticsearch.cluster.service.ClusterService.doStop(ClusterService.java:106) [elasticsearch-6.2.3.jar:6.2.3]
	at org.elasticsearch.common.component.AbstractLifecycleComponent.stop(AbstractLifecycleComponent.java:85) [elasticsearch-6.2.3.jar:6.2.3]
	at org.elasticsearch.node.Node.stop(Node.java:730) [elasticsearch-6.2.3.jar:6.2.3]
	at org.elasticsearch.node.Node.close(Node.java:752) [elasticsearch-6.2.3.jar:6.2.3]
	at org.apache.lucene.util.IOUtils.close(IOUtils.java:89) [lucene-core-7.2.1.jar:7.2.1 b2b6438b37073bee1fca40374e85bf91aa457c0b - ubuntu - 2018-01-10 00:48:43]
	at org.apache.lucene.util.IOUtils.close(IOUtils.java:76) [lucene-core-7.2.1.jar:7.2.1 b2b6438b37073bee1fca40374e85bf91aa457c0b - ubuntu - 2018-01-10 00:48:43]
	at org.elasticsearch.bootstrap.Bootstrap$4.run(Bootstrap.java:186) [elasticsearch-6.2.3.jar:6.2.3]
[2018-04-17T11:25:34,753][ERROR][i.n.u.c.D.rejectedExecution] Failed to submit a listener notification task. Event loop shut down?
java.util.concurrent.RejectedExecutionException: event executor terminated
	at io.netty.util.concurrent.SingleThreadEventExecutor.reject(SingleThreadEventExecutor.java:821) ~[netty-common-4.1.16.Final.jar:4.1.16.Final]
	at io.netty.util.concurrent.SingleThreadEventExecutor.offerTask(SingleThreadEventExecutor.java:327) ~[netty-common-4.1.16.Final.jar:4.1.16.Final]
	at io.netty.util.concurrent.SingleThreadEventExecutor.addTask(SingleThreadEventExecutor.java:320) ~[netty-common-4.1.16.Final.jar:4.1.16.Final]
	at io.netty.util.concurrent.SingleThreadEventExecutor.execute(SingleThreadEventExecutor.java:746) ~[netty-common-4.1.16.Final.jar:4.1.16.Final]
	at io.netty.util.concurrent.DefaultPromise.safeExecute(DefaultPromise.java:760) [netty-common-4.1.16.Final.jar:4.1.16.Final]
	at io.netty.util.concurrent.DefaultPromise.notifyListeners(DefaultPromise.java:428) [netty-common-4.1.16.Final.jar:4.1.16.Final]
	at io.netty.util.concurrent.DefaultPromise.setFailure(DefaultPromise.java:113) [netty-common-4.1.16.Final.jar:4.1.16.Final]
	at io.netty.channel.DefaultChannelPromise.setFailure(DefaultChannelPromise.java:87) [netty-transport-4.1.16.Final.jar:4.1.16.Final]
	at io.netty.channel.AbstractChannelHandlerContext.safeExecute(AbstractChannelHandlerContext.java:1010) [netty-transport-4.1.16.Final.jar:4.1.16.Final]
	at io.netty.channel.AbstractChannelHandlerContext.write(AbstractChannelHandlerContext.java:825) [netty-transport-4.1.16.Final.jar:4.1.16.Final]
	at io.netty.channel.AbstractChannelHandlerContext.writeAndFlush(AbstractChannelHandlerContext.java:794) [netty-transport-4.1.16.Final.jar:4.1.16.Final]
	at io.netty.channel.DefaultChannelPipeline.writeAndFlush(DefaultChannelPipeline.java:1036) [netty-transport-4.1.16.Final.jar:4.1.16.Final]
	at io.netty.channel.AbstractChannel.writeAndFlush(AbstractChannel.java:305) [netty-transport-4.1.16.Final.jar:4.1.16.Final]
	at org.elasticsearch.http.netty4.Netty4HttpChannel.sendResponse(Netty4HttpChannel.java:146) [transport-netty4-6.2.3.jar:6.2.3]
	at org.elasticsearch.rest.RestController$ResourceHandlingHttpChannel.sendResponse(RestController.java:491) [elasticsearch-6.2.3.jar:6.2.3]
	at org.elasticsearch.rest.action.RestResponseListener.processResponse(RestResponseListener.java:37) [elasticsearch-6.2.3.jar:6.2.3]
	at org.elasticsearch.rest.action.RestActionListener.onResponse(RestActionListener.java:47) [elasticsearch-6.2.3.jar:6.2.3]
	at org.elasticsearch.action.support.TransportAction$1.onResponse(TransportAction.java:85) [elasticsearch-6.2.3.jar:6.2.3]
	at org.elasticsearch.action.support.TransportAction$1.onResponse(TransportAction.java:81) [elasticsearch-6.2.3.jar:6.2.3]
	at org.elasticsearch.action.bulk.TransportBulkAction$BulkOperation$1.finishHim(TransportBulkAction.java:380) [elasticsearch-6.2.3.jar:6.2.3]
	at org.elasticsearch.action.bulk.TransportBulkAction$BulkOperation$1.onFailure(TransportBulkAction.java:375) [elasticsearch-6.2.3.jar:6.2.3]
	at org.elasticsearch.action.support.TransportAction$1.onFailure(TransportAction.java:91) [elasticsearch-6.2.3.jar:6.2.3]
	at org.elasticsearch.action.support.replication.TransportReplicationAction$ReroutePhase.finishAsFailed(TransportReplicationAction.java:909) [elasticsearch-6.2.3.jar:6.2.3]
	at org.elasticsearch.action.support.replication.TransportReplicationAction$ReroutePhase$2.onClusterServiceClose(TransportReplicationAction.java:892) [elasticsearch-6.2.3.jar:6.2.3]
	at org.elasticsearch.cluster.ClusterStateObserver$ContextPreservingListener.onClusterServiceClose(ClusterStateObserver.java:310) [elasticsearch-6.2.3.jar:6.2.3]
	at org.elasticsearch.cluster.ClusterStateObserver$ObserverClusterStateListener.onClose(ClusterStateObserver.java:230) [elasticsearch-6.2.3.jar:6.2.3]
	at org.elasticsearch.cluster.service.ClusterApplierService.doStop(ClusterApplierService.java:171) [elasticsearch-6.2.3.jar:6.2.3]
	at org.elasticsearch.common.component.AbstractLifecycleComponent.stop(AbstractLifecycleComponent.java:85) [elasticsearch-6.2.3.jar:6.2.3]
	at org.elasticsearch.cluster.service.ClusterService.doStop(ClusterService.java:106) [elasticsearch-6.2.3.jar:6.2.3]
	at org.elasticsearch.common.component.AbstractLifecycleComponent.stop(AbstractLifecycleComponent.java:85) [elasticsearch-6.2.3.jar:6.2.3]
	at org.elasticsearch.node.Node.stop(Node.java:730) [elasticsearch-6.2.3.jar:6.2.3]
	at org.elasticsearch.node.Node.close(Node.java:752) [elasticsearch-6.2.3.jar:6.2.3]
	at org.apache.lucene.util.IOUtils.close(IOUtils.java:89) [lucene-core-7.2.1.jar:7.2.1 b2b6438b37073bee1fca40374e85bf91aa457c0b - ubuntu - 2018-01-10 00:48:43]
	at org.apache.lucene.util.IOUtils.close(IOUtils.java:76) [lucene-core-7.2.1.jar:7.2.1 b2b6438b37073bee1fca40374e85bf91aa457c0b - ubuntu - 2018-01-10 00:48:43]
	at org.elasticsearch.bootstrap.Bootstrap$4.run(Bootstrap.java:186) [elasticsearch-6.2.3.jar:6.2.3]
[2018-04-17T11:25:34,756][ERROR][i.n.u.c.D.rejectedExecution] Failed to submit a listener notification task. Event loop shut down?
java.util.concurrent.RejectedExecutionException: event executor terminated
	at io.netty.util.concurrent.SingleThreadEventExecutor.reject(SingleThreadEventExecutor.java:821) ~[netty-common-4.1.16.Final.jar:4.1.16.Final]
	at io.netty.util.concurrent.SingleThreadEventExecutor.offerTask(SingleThreadEventExecutor.java:327) ~[netty-common-4.1.16.Final.jar:4.1.16.Final]
	at io.netty.util.concurrent.SingleThreadEventExecutor.addTask(SingleThreadEventExecutor.java:320) ~[netty-common-4.1.16.Final.jar:4.1.16.Final]
	at io.netty.util.concurrent.SingleThreadEventExecutor.execute(SingleThreadEventExecutor.java:746) ~[netty-common-4.1.16.Final.jar:4.1.16.Final]
	at io.netty.util.concurrent.DefaultPromise.safeExecute(DefaultPromise.java:760) [netty-common-4.1.16.Final.jar:4.1.16.Final]
	at io.netty.util.concurrent.DefaultPromise.notifyListeners(DefaultPromise.java:428) [netty-common-4.1.16.Final.jar:4.1.16.Final]
	at io.netty.util.concurrent.DefaultPromise.setFailure(DefaultPromise.java:113) [netty-common-4.1.16.Final.jar:4.1.16.Final]
	at io.netty.channel.DefaultChannelPromise.setFailure(DefaultChannelPromise.java:87) [netty-transport-4.1.16.Final.jar:4.1.16.Final]
	at io.netty.channel.AbstractChannelHandlerContext.safeExecute(AbstractChannelHandlerContext.java:1010) [netty-transport-4.1.16.Final.jar:4.1.16.Final]
	at io.netty.channel.AbstractChannelHandlerContext.write(AbstractChannelHandlerContext.java:825) [netty-transport-4.1.16.Final.jar:4.1.16.Final]
	at io.netty.channel.AbstractChannelHandlerContext.writeAndFlush(AbstractChannelHandlerContext.java:794) [netty-transport-4.1.16.Final.jar:4.1.16.Final]
	at io.netty.channel.DefaultChannelPipeline.writeAndFlush(DefaultChannelPipeline.java:1036) [netty-transport-4.1.16.Final.jar:4.1.16.Final]
	at io.netty.channel.AbstractChannel.writeAndFlush(AbstractChannel.java:305) [netty-transport-4.1.16.Final.jar:4.1.16.Final]
	at org.elasticsearch.http.netty4.Netty4HttpChannel.sendResponse(Netty4HttpChannel.java:146) [transport-netty4-6.2.3.jar:6.2.3]
	at org.elasticsearch.rest.RestController$ResourceHandlingHttpChannel.sendResponse(RestController.java:491) [elasticsearch-6.2.3.jar:6.2.3]
	at org.elasticsearch.rest.action.RestResponseListener.processResponse(RestResponseListener.java:37) [elasticsearch-6.2.3.jar:6.2.3]
	at org.elasticsearch.rest.action.RestActionListener.onResponse(RestActionListener.java:47) [elasticsearch-6.2.3.jar:6.2.3]
	at org.elasticsearch.action.support.TransportAction$1.onResponse(TransportAction.java:85) [elasticsearch-6.2.3.jar:6.2.3]
	at org.elasticsearch.action.support.TransportAction$1.onResponse(TransportAction.java:81) [elasticsearch-6.2.3.jar:6.2.3]
	at org.elasticsearch.action.bulk.TransportBulkAction$BulkOperation$1.finishHim(TransportBulkAction.java:380) [elasticsearch-6.2.3.jar:6.2.3]
	at org.elasticsearch.action.bulk.TransportBulkAction$BulkOperation$1.onFailure(TransportBulkAction.java:375) [elasticsearch-6.2.3.jar:6.2.3]
	at org.elasticsearch.action.support.TransportAction$1.onFailure(TransportAction.java:91) [elasticsearch-6.2.3.jar:6.2.3]
	at org.elasticsearch.action.support.replication.TransportReplicationAction$ReroutePhase.finishAsFailed(TransportReplicationAction.java:909) [elasticsearch-6.2.3.jar:6.2.3]
	at org.elasticsearch.action.support.replication.TransportReplicationAction$ReroutePhase$2.onClusterServiceClose(TransportReplicationAction.java:892) [elasticsearch-6.2.3.jar:6.2.3]
	at org.elasticsearch.cluster.ClusterStateObserver$ContextPreservingListener.onClusterServiceClose(ClusterStateObserver.java:310) [elasticsearch-6.2.3.jar:6.2.3]
	at org.elasticsearch.cluster.ClusterStateObserver$ObserverClusterStateListener.onClose(ClusterStateObserver.java:230) [elasticsearch-6.2.3.jar:6.2.3]
	at org.elasticsearch.cluster.service.ClusterApplierService.doStop(ClusterApplierService.java:171) [elasticsearch-6.2.3.jar:6.2.3]
	at org.elasticsearch.common.component.AbstractLifecycleComponent.stop(AbstractLifecycleComponent.java:85) [elasticsearch-6.2.3.jar:6.2.3]
	at org.elasticsearch.cluster.service.ClusterService.doStop(ClusterService.java:106) [elasticsearch-6.2.3.jar:6.2.3]
	at org.elasticsearch.common.component.AbstractLifecycleComponent.stop(AbstractLifecycleComponent.java:85) [elasticsearch-6.2.3.jar:6.2.3]
	at org.elasticsearch.node.Node.stop(Node.java:730) [elasticsearch-6.2.3.jar:6.2.3]
	at org.elasticsearch.node.Node.close(Node.java:752) [elasticsearch-6.2.3.jar:6.2.3]
	at org.apache.lucene.util.IOUtils.close(IOUtils.java:89) [lucene-core-7.2.1.jar:7.2.1 b2b6438b37073bee1fca40374e85bf91aa457c0b - ubuntu - 2018-01-10 00:48:43]
	at org.apache.lucene.util.IOUtils.close(IOUtils.java:76) [lucene-core-7.2.1.jar:7.2.1 b2b6438b37073bee1fca40374e85bf91aa457c0b - ubuntu - 2018-01-10 00:48:43]
	at org.elasticsearch.bootstrap.Bootstrap$4.run(Bootstrap.java:186) [elasticsearch-6.2.3.jar:6.2.3]
[2018-04-17T11:25:34,756][ERROR][i.n.u.c.D.rejectedExecution] Failed to submit a listener notification task. Event loop shut down?
java.util.concurrent.RejectedExecutionException: event executor terminated
	at io.netty.util.concurrent.SingleThreadEventExecutor.reject(SingleThreadEventExecutor.java:821) ~[netty-common-4.1.16.Final.jar:4.1.16.Final]
	at io.netty.util.concurrent.SingleThreadEventExecutor.offerTask(SingleThreadEventExecutor.java:327) ~[netty-common-4.1.16.Final.jar:4.1.16.Final]
	at io.netty.util.concurrent.SingleThreadEventExecutor.addTask(SingleThreadEventExecutor.java:320) ~[netty-common-4.1.16.Final.jar:4.1.16.Final]
	at io.netty.util.concurrent.SingleThreadEventExecutor.execute(SingleThreadEventExecutor.java:746) ~[netty-common-4.1.16.Final.jar:4.1.16.Final]
	at io.netty.util.concurrent.DefaultPromise.safeExecute(DefaultPromise.java:760) [netty-common-4.1.16.Final.jar:4.1.16.Final]
	at io.netty.util.concurrent.DefaultPromise.notifyListeners(DefaultPromise.java:428) [netty-common-4.1.16.Final.jar:4.1.16.Final]
	at io.netty.util.concurrent.DefaultPromise.setFailure(DefaultPromise.java:113) [netty-common-4.1.16.Final.jar:4.1.16.Final]
	at io.netty.channel.DefaultChannelPromise.setFailure(DefaultChannelPromise.java:87) [netty-transport-4.1.16.Final.jar:4.1.16.Final]
	at io.netty.channel.AbstractChannelHandlerContext.safeExecute(AbstractChannelHandlerContext.java:1010) [netty-transport-4.1.16.Final.jar:4.1.16.Final]
	at io.netty.channel.AbstractChannelHandlerContext.write(AbstractChannelHandlerContext.java:825) [netty-transport-4.1.16.Final.jar:4.1.16.Final]
	at io.netty.channel.AbstractChannelHandlerContext.writeAndFlush(AbstractChannelHandlerContext.java:794) [netty-transport-4.1.16.Final.jar:4.1.16.Final]
	at io.netty.channel.DefaultChannelPipeline.writeAndFlush(DefaultChannelPipeline.java:1036) [netty-transport-4.1.16.Final.jar:4.1.16.Final]
	at io.netty.channel.AbstractChannel.writeAndFlush(AbstractChannel.java:305) [netty-transport-4.1.16.Final.jar:4.1.16.Final]
	at org.elasticsearch.http.netty4.Netty4HttpChannel.sendResponse(Netty4HttpChannel.java:146) [transport-netty4-6.2.3.jar:6.2.3]
	at org.elasticsearch.rest.RestController$ResourceHandlingHttpChannel.sendResponse(RestController.java:491) [elasticsearch-6.2.3.jar:6.2.3]
	at org.elasticsearch.rest.action.RestResponseListener.processResponse(RestResponseListener.java:37) [elasticsearch-6.2.3.jar:6.2.3]
	at org.elasticsearch.rest.action.RestActionListener.onResponse(RestActionListener.java:47) [elasticsearch-6.2.3.jar:6.2.3]
	at org.elasticsearch.action.support.TransportAction$1.onResponse(TransportAction.java:85) [elasticsearch-6.2.3.jar:6.2.3]
	at org.elasticsearch.action.support.TransportAction$1.onResponse(TransportAction.java:81) [elasticsearch-6.2.3.jar:6.2.3]
	at org.elasticsearch.action.bulk.TransportBulkAction$BulkOperation$1.finishHim(TransportBulkAction.java:380) [elasticsearch-6.2.3.jar:6.2.3]
	at org.elasticsearch.action.bulk.TransportBulkAction$BulkOperation$1.onFailure(TransportBulkAction.java:375) [elasticsearch-6.2.3.jar:6.2.3]
	at org.elasticsearch.action.support.TransportAction$1.onFailure(TransportAction.java:91) [elasticsearch-6.2.3.jar:6.2.3]
	at org.elasticsearch.action.support.replication.TransportReplicationAction$ReroutePhase.finishAsFailed(TransportReplicationAction.java:909) [elasticsearch-6.2.3.jar:6.2.3]
	at org.elasticsearch.action.support.replication.TransportReplicationAction$ReroutePhase$2.onClusterServiceClose(TransportReplicationAction.java:892) [elasticsearch-6.2.3.jar:6.2.3]
	at org.elasticsearch.cluster.ClusterStateObserver$ContextPreservingListener.onClusterServiceClose(ClusterStateObserver.java:310) [elasticsearch-6.2.3.jar:6.2.3]
	at org.elasticsearch.cluster.ClusterStateObserver$ObserverClusterStateListener.onClose(ClusterStateObserver.java:230) [elasticsearch-6.2.3.jar:6.2.3]
	at org.elasticsearch.cluster.service.ClusterApplierService$NotifyTimeout.run(ClusterApplierService.java:579) [elasticsearch-6.2.3.jar:6.2.3]
	at org.elasticsearch.common.util.concurrent.ThreadContext$ContextPreservingRunnable.run(ThreadContext.java:573) [elasticsearch-6.2.3.jar:6.2.3]
	at java.util.concurrent.ThreadPoolExecutor.runWorker(ThreadPoolExecutor.java:1149) [?:1.8.0_161]
	at java.util.concurrent.ThreadPoolExecutor$Worker.run(ThreadPoolExecutor.java:624) [?:1.8.0_161]
	at java.lang.Thread.run(Thread.java:748) [?:1.8.0_161]
[2018-04-17T11:25:34,759][ERROR][i.n.u.c.D.rejectedExecution] Failed to submit a listener notification task. Event loop shut down?
java.util.concurrent.RejectedExecutionException: event executor terminated
	at io.netty.util.concurrent.SingleThreadEventExecutor.reject(SingleThreadEventExecutor.java:821) ~[netty-common-4.1.16.Final.jar:4.1.16.Final]
	at io.netty.util.concurrent.SingleThreadEventExecutor.offerTask(SingleThreadEventExecutor.java:327) ~[netty-common-4.1.16.Final.jar:4.1.16.Final]
	at io.netty.util.concurrent.SingleThreadEventExecutor.addTask(SingleThreadEventExecutor.java:320) ~[netty-common-4.1.16.Final.jar:4.1.16.Final]
	at io.netty.util.concurrent.SingleThreadEventExecutor.execute(SingleThreadEventExecutor.java:746) ~[netty-common-4.1.16.Final.jar:4.1.16.Final]
	at io.netty.util.concurrent.DefaultPromise.safeExecute(DefaultPromise.java:760) [netty-common-4.1.16.Final.jar:4.1.16.Final]
	at io.netty.util.concurrent.DefaultPromise.notifyListeners(DefaultPromise.java:428) [netty-common-4.1.16.Final.jar:4.1.16.Final]
	at io.netty.util.concurrent.DefaultPromise.setFailure(DefaultPromise.java:113) [netty-common-4.1.16.Final.jar:4.1.16.Final]
	at io.netty.channel.DefaultChannelPromise.setFailure(DefaultChannelPromise.java:87) [netty-transport-4.1.16.Final.jar:4.1.16.Final]
	at io.netty.channel.AbstractChannelHandlerContext.safeExecute(AbstractChannelHandlerContext.java:1010) [netty-transport-4.1.16.Final.jar:4.1.16.Final]
	at io.netty.channel.AbstractChannelHandlerContext.write(AbstractChannelHandlerContext.java:825) [netty-transport-4.1.16.Final.jar:4.1.16.Final]
	at io.netty.channel.AbstractChannelHandlerContext.writeAndFlush(AbstractChannelHandlerContext.java:794) [netty-transport-4.1.16.Final.jar:4.1.16.Final]
	at io.netty.channel.DefaultChannelPipeline.writeAndFlush(DefaultChannelPipeline.java:1036) [netty-transport-4.1.16.Final.jar:4.1.16.Final]
	at io.netty.channel.AbstractChannel.writeAndFlush(AbstractChannel.java:305) [netty-transport-4.1.16.Final.jar:4.1.16.Final]
	at org.elasticsearch.http.netty4.Netty4HttpChannel.sendResponse(Netty4HttpChannel.java:146) [transport-netty4-6.2.3.jar:6.2.3]
	at org.elasticsearch.rest.RestController$ResourceHandlingHttpChannel.sendResponse(RestController.java:491) [elasticsearch-6.2.3.jar:6.2.3]
	at org.elasticsearch.rest.action.RestResponseListener.processResponse(RestResponseListener.java:37) [elasticsearch-6.2.3.jar:6.2.3]
	at org.elasticsearch.rest.action.RestActionListener.onResponse(RestActionListener.java:47) [elasticsearch-6.2.3.jar:6.2.3]
	at org.elasticsearch.action.support.TransportAction$1.onResponse(TransportAction.java:85) [elasticsearch-6.2.3.jar:6.2.3]
	at org.elasticsearch.action.support.TransportAction$1.onResponse(TransportAction.java:81) [elasticsearch-6.2.3.jar:6.2.3]
	at org.elasticsearch.action.bulk.TransportBulkAction$BulkOperation$1.finishHim(TransportBulkAction.java:380) [elasticsearch-6.2.3.jar:6.2.3]
	at org.elasticsearch.action.bulk.TransportBulkAction$BulkOperation$1.onFailure(TransportBulkAction.java:375) [elasticsearch-6.2.3.jar:6.2.3]
	at org.elasticsearch.action.support.TransportAction$1.onFailure(TransportAction.java:91) [elasticsearch-6.2.3.jar:6.2.3]
	at org.elasticsearch.action.support.replication.TransportReplicationAction$ReroutePhase.finishAsFailed(TransportReplicationAction.java:909) [elasticsearch-6.2.3.jar:6.2.3]
	at org.elasticsearch.action.support.replication.TransportReplicationAction$ReroutePhase$2.onClusterServiceClose(TransportReplicationAction.java:892) [elasticsearch-6.2.3.jar:6.2.3]
	at org.elasticsearch.cluster.ClusterStateObserver$ContextPreservingListener.onClusterServiceClose(ClusterStateObserver.java:310) [elasticsearch-6.2.3.jar:6.2.3]
	at org.elasticsearch.cluster.ClusterStateObserver$ObserverClusterStateListener.onClose(ClusterStateObserver.java:230) [elasticsearch-6.2.3.jar:6.2.3]
	at org.elasticsearch.cluster.service.ClusterApplierService.doStop(ClusterApplierService.java:171) [elasticsearch-6.2.3.jar:6.2.3]
	at org.elasticsearch.common.component.AbstractLifecycleComponent.stop(AbstractLifecycleComponent.java:85) [elasticsearch-6.2.3.jar:6.2.3]
	at org.elasticsearch.cluster.service.ClusterService.doStop(ClusterService.java:106) [elasticsearch-6.2.3.jar:6.2.3]
	at org.elasticsearch.common.component.AbstractLifecycleComponent.stop(AbstractLifecycleComponent.java:85) [elasticsearch-6.2.3.jar:6.2.3]
	at org.elasticsearch.node.Node.stop(Node.java:730) [elasticsearch-6.2.3.jar:6.2.3]
	at org.elasticsearch.node.Node.close(Node.java:752) [elasticsearch-6.2.3.jar:6.2.3]
	at org.apache.lucene.util.IOUtils.close(IOUtils.java:89) [lucene-core-7.2.1.jar:7.2.1 b2b6438b37073bee1fca40374e85bf91aa457c0b - ubuntu - 2018-01-10 00:48:43]
	at org.apache.lucene.util.IOUtils.close(IOUtils.java:76) [lucene-core-7.2.1.jar:7.2.1 b2b6438b37073bee1fca40374e85bf91aa457c0b - ubuntu - 2018-01-10 00:48:43]
	at org.elasticsearch.bootstrap.Bootstrap$4.run(Bootstrap.java:186) [elasticsearch-6.2.3.jar:6.2.3]
[2018-04-17T11:25:34,816][INFO ][o.e.n.Node               ] [G87X2H3] stopped
[2018-04-17T11:25:34,816][INFO ][o.e.n.Node               ] [G87X2H3] closing ...
[2018-04-17T11:25:34,826][INFO ][o.e.n.Node               ] [G87X2H3] closed
[2018-04-17T11:45:06,600][INFO ][o.e.n.Node               ] [] initializing ...
[2018-04-17T11:45:06,836][INFO ][o.e.e.NodeEnvironment    ] [yplWcdM] using [1] data paths, mounts [[/ (/dev/sda8)]], net usable_space [10.2gb], net total_space [30.6gb], types [ext4]
[2018-04-17T11:45:06,837][INFO ][o.e.e.NodeEnvironment    ] [yplWcdM] heap size [989.8mb], compressed ordinary object pointers [true]
[2018-04-17T11:45:06,838][INFO ][o.e.n.Node               ] node name [yplWcdM] derived from node ID [yplWcdMDT5eWd6c5ZNiR3w]; set [node.name] to override
[2018-04-17T11:45:06,839][INFO ][o.e.n.Node               ] version[6.2.3], pid[4049], build[c59ff00/2018-03-13T10:06:29.741383Z], OS[Linux/4.13.0-36-generic/amd64], JVM[Oracle Corporation/Java HotSpot(TM) 64-Bit Server VM/1.8.0_161/25.161-b12]
[2018-04-17T11:45:06,839][INFO ][o.e.n.Node               ] JVM arguments [-Xms1g, -Xmx1g, -XX:+UseConcMarkSweepGC, -XX:CMSInitiatingOccupancyFraction=75, -XX:+UseCMSInitiatingOccupancyOnly, -XX:+AlwaysPreTouch, -Xss1m, -Djava.awt.headless=true, -Dfile.encoding=UTF-8, -Djna.nosys=true, -XX:-OmitStackTraceInFastThrow, -Dio.netty.noUnsafe=true, -Dio.netty.noKeySetOptimization=true, -Dio.netty.recycler.maxCapacityPerThread=0, -Dlog4j.shutdownHookEnabled=false, -Dlog4j2.disable.jmx=true, -Djava.io.tmpdir=/tmp/elasticsearch.hGPDifHB, -XX:+HeapDumpOnOutOfMemoryError, -XX:+PrintGCDetails, -XX:+PrintGCDateStamps, -XX:+PrintTenuringDistribution, -XX:+PrintGCApplicationStoppedTime, -Xloggc:logs/gc.log, -XX:+UseGCLogFileRotation, -XX:NumberOfGCLogFiles=32, -XX:GCLogFileSize=64m, -Des.path.home=/home/cuckoo/elasticsearch, -Des.path.conf=/home/cuckoo/elasticsearch/config]
[2018-04-17T11:45:07,685][INFO ][o.e.p.PluginsService     ] [yplWcdM] loaded module [aggs-matrix-stats]
[2018-04-17T11:45:07,685][INFO ][o.e.p.PluginsService     ] [yplWcdM] loaded module [analysis-common]
[2018-04-17T11:45:07,685][INFO ][o.e.p.PluginsService     ] [yplWcdM] loaded module [ingest-common]
[2018-04-17T11:45:07,685][INFO ][o.e.p.PluginsService     ] [yplWcdM] loaded module [lang-expression]
[2018-04-17T11:45:07,686][INFO ][o.e.p.PluginsService     ] [yplWcdM] loaded module [lang-mustache]
[2018-04-17T11:45:07,686][INFO ][o.e.p.PluginsService     ] [yplWcdM] loaded module [lang-painless]
[2018-04-17T11:45:07,686][INFO ][o.e.p.PluginsService     ] [yplWcdM] loaded module [mapper-extras]
[2018-04-17T11:45:07,686][INFO ][o.e.p.PluginsService     ] [yplWcdM] loaded module [parent-join]
[2018-04-17T11:45:07,686][INFO ][o.e.p.PluginsService     ] [yplWcdM] loaded module [percolator]
[2018-04-17T11:45:07,686][INFO ][o.e.p.PluginsService     ] [yplWcdM] loaded module [rank-eval]
[2018-04-17T11:45:07,687][INFO ][o.e.p.PluginsService     ] [yplWcdM] loaded module [reindex]
[2018-04-17T11:45:07,687][INFO ][o.e.p.PluginsService     ] [yplWcdM] loaded module [repository-url]
[2018-04-17T11:45:07,687][INFO ][o.e.p.PluginsService     ] [yplWcdM] loaded module [transport-netty4]
[2018-04-17T11:45:07,687][INFO ][o.e.p.PluginsService     ] [yplWcdM] loaded module [tribe]
[2018-04-17T11:45:07,688][INFO ][o.e.p.PluginsService     ] [yplWcdM] no plugins loaded
[2018-04-17T11:45:10,962][INFO ][o.e.d.DiscoveryModule    ] [yplWcdM] using discovery type [zen]
[2018-04-17T11:45:11,521][INFO ][o.e.n.Node               ] initialized
[2018-04-17T11:45:11,522][INFO ][o.e.n.Node               ] [yplWcdM] starting ...
[2018-04-17T11:45:11,689][INFO ][o.e.t.TransportService   ] [yplWcdM] publish_address {192.168.56.1:9300}, bound_addresses {192.168.56.1:9300}
[2018-04-17T11:45:11,698][INFO ][o.e.b.BootstrapChecks    ] [yplWcdM] bound or publishing to a non-loopback address, enforcing bootstrap checks
[2018-04-17T11:45:14,771][INFO ][o.e.c.s.MasterService    ] [yplWcdM] zen-disco-elected-as-master ([0] nodes joined), reason: new_master {yplWcdM}{yplWcdMDT5eWd6c5ZNiR3w}{0RjzbquOSTSQYyDUwL-YpA}{192.168.56.1}{192.168.56.1:9300}
[2018-04-17T11:45:14,775][INFO ][o.e.c.s.ClusterApplierService] [yplWcdM] new_master {yplWcdM}{yplWcdMDT5eWd6c5ZNiR3w}{0RjzbquOSTSQYyDUwL-YpA}{192.168.56.1}{192.168.56.1:9300}, reason: apply cluster state (from master [master {yplWcdM}{yplWcdMDT5eWd6c5ZNiR3w}{0RjzbquOSTSQYyDUwL-YpA}{192.168.56.1}{192.168.56.1:9300} committed version [1] source [zen-disco-elected-as-master ([0] nodes joined)]])
[2018-04-17T11:45:14,805][INFO ][o.e.h.n.Netty4HttpServerTransport] [yplWcdM] publish_address {192.168.56.1:9200}, bound_addresses {192.168.56.1:9200}
[2018-04-17T11:45:14,805][INFO ][o.e.n.Node               ] [yplWcdM] started
[2018-04-17T11:45:14,926][INFO ][o.e.g.GatewayService     ] [yplWcdM] recovered [0] indices into cluster_state
[2018-04-17T11:45:48,969][INFO ][o.e.c.m.MetaDataCreateIndexService] [yplWcdM] [logstash-2018.04.17] creating index, cause [auto(bulk api)], templates [], shards [5]/[1], mappings []
[2018-04-17T11:45:50,914][INFO ][o.e.c.m.MetaDataMappingService] [yplWcdM] [logstash-2018.04.17/2d8d0DucQ86BC4hInI5kXQ] create_mapping [doc]
[2018-04-17T11:45:51,051][INFO ][o.e.c.m.MetaDataMappingService] [yplWcdM] [logstash-2018.04.17/2d8d0DucQ86BC4hInI5kXQ] update_mapping [doc]
[2018-04-17T11:45:51,078][INFO ][o.e.c.m.MetaDataMappingService] [yplWcdM] [logstash-2018.04.17/2d8d0DucQ86BC4hInI5kXQ] update_mapping [doc]
[2018-04-17T11:45:52,707][INFO ][o.e.c.m.MetaDataMappingService] [yplWcdM] [logstash-2018.04.17/2d8d0DucQ86BC4hInI5kXQ] update_mapping [doc]
[2018-04-17T11:45:52,867][INFO ][o.e.c.m.MetaDataMappingService] [yplWcdM] [logstash-2018.04.17/2d8d0DucQ86BC4hInI5kXQ] update_mapping [doc]
[2018-04-17T11:45:53,145][INFO ][o.e.c.m.MetaDataMappingService] [yplWcdM] [logstash-2018.04.17/2d8d0DucQ86BC4hInI5kXQ] update_mapping [doc]
[2018-04-17T11:45:53,251][INFO ][o.e.c.m.MetaDataMappingService] [yplWcdM] [logstash-2018.04.17/2d8d0DucQ86BC4hInI5kXQ] update_mapping [doc]
[2018-04-17T11:45:53,604][INFO ][o.e.c.m.MetaDataMappingService] [yplWcdM] [logstash-2018.04.17/2d8d0DucQ86BC4hInI5kXQ] update_mapping [doc]
[2018-04-17T11:45:53,981][INFO ][o.e.c.m.MetaDataMappingService] [yplWcdM] [logstash-2018.04.17/2d8d0DucQ86BC4hInI5kXQ] update_mapping [doc]
[2018-04-17T11:46:00,740][INFO ][o.e.c.m.MetaDataMappingService] [yplWcdM] [logstash-2018.04.17/2d8d0DucQ86BC4hInI5kXQ] update_mapping [doc]
[2018-04-17T11:46:00,916][INFO ][o.e.c.m.MetaDataMappingService] [yplWcdM] [logstash-2018.04.17/2d8d0DucQ86BC4hInI5kXQ] update_mapping [doc]
[2018-04-17T11:46:01,062][INFO ][o.e.c.m.MetaDataMappingService] [yplWcdM] [logstash-2018.04.17/2d8d0DucQ86BC4hInI5kXQ] update_mapping [doc]
[2018-04-17T11:46:08,436][INFO ][o.e.c.m.MetaDataMappingService] [yplWcdM] [logstash-2018.04.17/2d8d0DucQ86BC4hInI5kXQ] update_mapping [doc]
[2018-04-17T11:46:30,345][INFO ][o.e.c.m.MetaDataCreateIndexService] [yplWcdM] [.kibana] creating index, cause [auto(bulk api)], templates [kibana_index_template:.kibana], shards [1]/[1], mappings [doc]
[2018-04-17T11:46:30,705][INFO ][o.e.c.m.MetaDataUpdateSettingsService] [yplWcdM] updating number_of_replicas to [0] for indices [.kibana]
[2018-04-17T11:46:30,718][INFO ][o.e.c.m.MetaDataUpdateSettingsService] [yplWcdM] [.kibana/dRFjmjGPSVSmJvsiDltE2w] auto expanded replicas to [0]
[2018-04-17T11:46:32,408][INFO ][o.e.c.m.MetaDataMappingService] [yplWcdM] [.kibana/dRFjmjGPSVSmJvsiDltE2w] update_mapping [doc]
[2018-04-17T12:03:32,203][INFO ][o.e.c.m.MetaDataMappingService] [yplWcdM] [logstash-2018.04.17/2d8d0DucQ86BC4hInI5kXQ] update_mapping [doc]
[2018-04-17T12:11:08,697][INFO ][o.e.c.m.MetaDataMappingService] [yplWcdM] [logstash-2018.04.17/2d8d0DucQ86BC4hInI5kXQ] update_mapping [doc]
[2018-04-17T13:10:08,869][INFO ][o.e.c.m.MetaDataMappingService] [yplWcdM] [logstash-2018.04.17/2d8d0DucQ86BC4hInI5kXQ] update_mapping [doc]
[2018-04-17T13:33:05,756][INFO ][o.e.n.Node               ] [yplWcdM] stopping ...
[2018-04-17T13:33:07,259][INFO ][o.e.n.Node               ] [yplWcdM] stopped
[2018-04-17T13:33:07,260][INFO ][o.e.n.Node               ] [yplWcdM] closing ...
[2018-04-17T13:33:07,330][INFO ][o.e.n.Node               ] [yplWcdM] closed
[2018-04-17T22:53:55,078][INFO ][o.e.n.Node               ] [] initializing ...
[2018-04-17T22:53:55,384][INFO ][o.e.e.NodeEnvironment    ] [yplWcdM] using [1] data paths, mounts [[/ (/dev/sda8)]], net usable_space [9.9gb], net total_space [30.6gb], types [ext4]
[2018-04-17T22:53:55,385][INFO ][o.e.e.NodeEnvironment    ] [yplWcdM] heap size [989.8mb], compressed ordinary object pointers [true]
[2018-04-17T22:53:55,509][INFO ][o.e.n.Node               ] node name [yplWcdM] derived from node ID [yplWcdMDT5eWd6c5ZNiR3w]; set [node.name] to override
[2018-04-17T22:53:55,509][INFO ][o.e.n.Node               ] version[6.2.3], pid[1780], build[c59ff00/2018-03-13T10:06:29.741383Z], OS[Linux/4.13.0-36-generic/amd64], JVM[Oracle Corporation/Java HotSpot(TM) 64-Bit Server VM/1.8.0_161/25.161-b12]
[2018-04-17T22:53:55,509][INFO ][o.e.n.Node               ] JVM arguments [-Xms1g, -Xmx1g, -XX:+UseConcMarkSweepGC, -XX:CMSInitiatingOccupancyFraction=75, -XX:+UseCMSInitiatingOccupancyOnly, -XX:+AlwaysPreTouch, -Xss1m, -Djava.awt.headless=true, -Dfile.encoding=UTF-8, -Djna.nosys=true, -XX:-OmitStackTraceInFastThrow, -Dio.netty.noUnsafe=true, -Dio.netty.noKeySetOptimization=true, -Dio.netty.recycler.maxCapacityPerThread=0, -Dlog4j.shutdownHookEnabled=false, -Dlog4j2.disable.jmx=true, -Djava.io.tmpdir=/tmp/elasticsearch.Uh5HLxs6, -XX:+HeapDumpOnOutOfMemoryError, -XX:+PrintGCDetails, -XX:+PrintGCDateStamps, -XX:+PrintTenuringDistribution, -XX:+PrintGCApplicationStoppedTime, -Xloggc:logs/gc.log, -XX:+UseGCLogFileRotation, -XX:NumberOfGCLogFiles=32, -XX:GCLogFileSize=64m, -Des.path.home=/home/cuckoo/elasticsearch, -Des.path.conf=/home/cuckoo/elasticsearch/config]
[2018-04-17T22:53:56,608][INFO ][o.e.p.PluginsService     ] [yplWcdM] loaded module [aggs-matrix-stats]
[2018-04-17T22:53:56,609][INFO ][o.e.p.PluginsService     ] [yplWcdM] loaded module [analysis-common]
[2018-04-17T22:53:56,609][INFO ][o.e.p.PluginsService     ] [yplWcdM] loaded module [ingest-common]
[2018-04-17T22:53:56,609][INFO ][o.e.p.PluginsService     ] [yplWcdM] loaded module [lang-expression]
[2018-04-17T22:53:56,609][INFO ][o.e.p.PluginsService     ] [yplWcdM] loaded module [lang-mustache]
[2018-04-17T22:53:56,609][INFO ][o.e.p.PluginsService     ] [yplWcdM] loaded module [lang-painless]
[2018-04-17T22:53:56,609][INFO ][o.e.p.PluginsService     ] [yplWcdM] loaded module [mapper-extras]
[2018-04-17T22:53:56,610][INFO ][o.e.p.PluginsService     ] [yplWcdM] loaded module [parent-join]
[2018-04-17T22:53:56,610][INFO ][o.e.p.PluginsService     ] [yplWcdM] loaded module [percolator]
[2018-04-17T22:53:56,610][INFO ][o.e.p.PluginsService     ] [yplWcdM] loaded module [rank-eval]
[2018-04-17T22:53:56,610][INFO ][o.e.p.PluginsService     ] [yplWcdM] loaded module [reindex]
[2018-04-17T22:53:56,610][INFO ][o.e.p.PluginsService     ] [yplWcdM] loaded module [repository-url]
[2018-04-17T22:53:56,610][INFO ][o.e.p.PluginsService     ] [yplWcdM] loaded module [transport-netty4]
[2018-04-17T22:53:56,610][INFO ][o.e.p.PluginsService     ] [yplWcdM] loaded module [tribe]
[2018-04-17T22:53:56,611][INFO ][o.e.p.PluginsService     ] [yplWcdM] no plugins loaded
[2018-04-17T22:54:00,587][INFO ][o.e.d.DiscoveryModule    ] [yplWcdM] using discovery type [zen]
[2018-04-17T22:54:01,425][INFO ][o.e.n.Node               ] initialized
[2018-04-17T22:54:01,425][INFO ][o.e.n.Node               ] [yplWcdM] starting ...
[2018-04-17T22:54:02,167][INFO ][o.e.t.TransportService   ] [yplWcdM] publish_address {192.168.56.1:9300}, bound_addresses {192.168.56.1:9300}
[2018-04-17T22:54:02,185][INFO ][o.e.b.BootstrapChecks    ] [yplWcdM] bound or publishing to a non-loopback address, enforcing bootstrap checks
[2018-04-17T22:54:05,343][INFO ][o.e.c.s.MasterService    ] [yplWcdM] zen-disco-elected-as-master ([0] nodes joined), reason: new_master {yplWcdM}{yplWcdMDT5eWd6c5ZNiR3w}{OLqQYrjwR8OYmaq0h2UWiw}{192.168.56.1}{192.168.56.1:9300}
[2018-04-17T22:54:05,348][INFO ][o.e.c.s.ClusterApplierService] [yplWcdM] new_master {yplWcdM}{yplWcdMDT5eWd6c5ZNiR3w}{OLqQYrjwR8OYmaq0h2UWiw}{192.168.56.1}{192.168.56.1:9300}, reason: apply cluster state (from master [master {yplWcdM}{yplWcdMDT5eWd6c5ZNiR3w}{OLqQYrjwR8OYmaq0h2UWiw}{192.168.56.1}{192.168.56.1:9300} committed version [1] source [zen-disco-elected-as-master ([0] nodes joined)]])
[2018-04-17T22:54:05,992][INFO ][o.e.h.n.Netty4HttpServerTransport] [yplWcdM] publish_address {192.168.56.1:9200}, bound_addresses {192.168.56.1:9200}
[2018-04-17T22:54:05,992][INFO ][o.e.n.Node               ] [yplWcdM] started
[2018-04-17T22:54:07,066][INFO ][o.e.g.GatewayService     ] [yplWcdM] recovered [2] indices into cluster_state
[2018-04-17T22:54:12,989][INFO ][o.e.c.r.a.AllocationService] [yplWcdM] Cluster health status changed from [RED] to [YELLOW] (reason: [shards started [[logstash-2018.04.17][1]] ...]).
[2018-04-17T23:02:14,900][INFO ][o.e.c.m.MetaDataMappingService] [yplWcdM] [logstash-2018.04.17/2d8d0DucQ86BC4hInI5kXQ] update_mapping [doc]
[2018-04-17T23:14:01,210][INFO ][o.e.n.Node               ] [yplWcdM] stopping ...
[2018-04-17T23:14:03,095][INFO ][o.e.n.Node               ] [yplWcdM] stopped
[2018-04-17T23:14:03,097][INFO ][o.e.n.Node               ] [yplWcdM] closing ...
[2018-04-17T23:14:03,109][INFO ][o.e.n.Node               ] [yplWcdM] closed
